<?xml version="1.0" encoding="UTF-8"?>
<testsuite name="com.study.web.admin.service.MemberServiceTest" tests="4" skipped="0" failures="0" errors="0" timestamp="2021-08-23T09:49:14" hostname="LAPTOP-DFB50G2B" time="0.024">
  <properties/>
  <testcase name="findOne()" classname="com.study.web.admin.service.MemberServiceTest" time="0.001"/>
  <testcase name="findMemebers()" classname="com.study.web.admin.service.MemberServiceTest" time="0.001"/>
  <testcase name="Join()" classname="com.study.web.admin.service.MemberServiceTest" time="0.016"/>
  <testcase name="JoinDuplicate()" classname="com.study.web.admin.service.MemberServiceTest" time="0.004"/>
  <system-out><![CDATA[]]></system-out>
  <system-err><![CDATA[]]></system-err>
</testsuite>
